<?xml version="1.0" encoding="UTF-8"?>
<!-- Generated by org.testng.reporters.JUnitReportReporter -->
<testsuite hostname="DESKTOP-ITTVGV5" failures="0" tests="3" name="lab" time="0.302" errors="0" timestamp="2023-09-24T00:19:58 EET" skipped="0">
  <testcase classname="lab" name="myTest2" time="0.034"/>
  <system-out/>
  <testcase classname="lab" name="myTest3" time="0.043"/>
  <system-out/>
  <testcase classname="lab" name="myTest1" time="0.225"/>
  <system-out/>
</testsuite> <!-- lab -->
